[17-Apr-2018 03:31:34 UTC] PHP Warning:  Invalid argument supplied for foreach() in /home/ubuntu/workspace/IngeniumDevelopment/YunisCreativosBootStrap/FullCalendar/index.php on line 187
[17-Apr-2018 03:31:34 UTC] PHP Stack trace:
[17-Apr-2018 03:31:34 UTC] PHP   1. {main}() /home/ubuntu/workspace/IngeniumDevelopment/YunisCreativosBootStrap/FullCalendar/index.php:0
[17-Apr-2018 03:37:28 UTC] PHP Warning:  Invalid argument supplied for foreach() in /home/ubuntu/workspace/IngeniumDevelopment/YunisCreativosBootStrap/FullCalendar/index.php on line 187
[17-Apr-2018 03:37:28 UTC] PHP Stack trace:
[17-Apr-2018 03:37:28 UTC] PHP   1. {main}() /home/ubuntu/workspace/IngeniumDevelopment/YunisCreativosBootStrap/FullCalendar/index.php:0
[21-Apr-2018 01:51:13 UTC] PHP Fatal error:  Call to undefined function getIDUserByMail() in /home/ubuntu/workspace/IngeniumDevelopment/YunisCreativosBootStrap/css/estilos_plantilla.php on line 3
[21-Apr-2018 01:51:13 UTC] PHP Stack trace:
[21-Apr-2018 01:51:13 UTC] PHP   1. {main}() /home/ubuntu/workspace/IngeniumDevelopment/YunisCreativosBootStrap/css/estilos_plantilla.php:0
[21-Apr-2018 01:52:31 UTC] PHP Fatal error:  Call to undefined function getIDUserByMail() in /home/ubuntu/workspace/IngeniumDevelopment/YunisCreativosBootStrap/css/estilos_plantilla.php on line 5
[21-Apr-2018 01:52:31 UTC] PHP Stack trace:
[21-Apr-2018 01:52:31 UTC] PHP   1. {main}() /home/ubuntu/workspace/IngeniumDevelopment/YunisCreativosBootStrap/css/estilos_plantilla.php:0
[21-Apr-2018 01:58:38 UTC] PHP Fatal error:  Call to undefined function getIDUserByMail() in /home/ubuntu/workspace/IngeniumDevelopment/YunisCreativosBootStrap/css/estilos_plantilla.php on line 6
[21-Apr-2018 01:58:38 UTC] PHP Stack trace:
[21-Apr-2018 01:58:38 UTC] PHP   1. {main}() /home/ubuntu/workspace/IngeniumDevelopment/YunisCreativosBootStrap/css/estilos_plantilla.php:0
[21-Apr-2018 01:59:13 UTC] PHP Warning:  require_once(util.php): failed to open stream: No such file or directory in /home/ubuntu/workspace/IngeniumDevelopment/YunisCreativosBootStrap/css/estilos_plantilla.php on line 4
[21-Apr-2018 01:59:13 UTC] PHP Stack trace:
[21-Apr-2018 01:59:13 UTC] PHP   1. {main}() /home/ubuntu/workspace/IngeniumDevelopment/YunisCreativosBootStrap/css/estilos_plantilla.php:0
[21-Apr-2018 01:59:13 UTC] PHP Fatal error:  require_once(): Failed opening required 'util.php' (include_path='.:/usr/share/php:/usr/share/pear') in /home/ubuntu/workspace/IngeniumDevelopment/YunisCreativosBootStrap/css/estilos_plantilla.php on line 4
[21-Apr-2018 01:59:13 UTC] PHP Stack trace:
[21-Apr-2018 01:59:13 UTC] PHP   1. {main}() /home/ubuntu/workspace/IngeniumDevelopment/YunisCreativosBootStrap/css/estilos_plantilla.php:0
